This file contains any messages produced by compilers while
running configure, to aid debugging if configure makes a mistake.

It was created by libpostal configure 1.1.0, which was
generated by GNU Autoconf 2.71.  Invocation command line was

  $ ./configure

## --------- ##
## Platform. ##
## --------- ##

hostname = ndivyesh
uname -m = x86_64
uname -r = 5.15.153.1-microsoft-standard-WSL2
uname -s = Linux
uname -v = #1 SMP Fri Mar 29 23:14:13 UTC 2024

/usr/bin/uname -p = x86_64
/bin/uname -X     = unknown

/bin/arch              = x86_64
/usr/bin/arch -k       = unknown
/usr/convex/getsysinfo = unknown
/usr/bin/hostinfo      = unknown
/bin/machine           = unknown
/usr/bin/oslevel       = unknown
/bin/universe          = unknown

PATH: /usr/local/sbin/
PATH: /usr/local/bin/
PATH: /usr/sbin/
PATH: /usr/bin/
PATH: /sbin/
PATH: /bin/
PATH: /usr/games/
PATH: /usr/local/games/
PATH: /usr/lib/wsl/lib/
PATH: /mnt/c/Program Files/Common Files/Oracle/Java/javapath/
PATH: /mnt/c/Program Files (x86)/Common Files/Oracle/Java/javapath/
PATH: /mnt/c/WINDOWS/system32/
PATH: /mnt/c/WINDOWS/
PATH: /mnt/c/WINDOWS/System32/Wbem/
PATH: /mnt/c/WINDOWS/System32/WindowsPowerShell/v1.0/
PATH: /mnt/c/WINDOWS/System32/OpenSSH/
PATH: /mnt/c/HADOOP/hadoop-3.3.6/hadoop-3.3.6/bin/
PATH: /mnt/c/HADOOP/hadoop-3.3.6/hadoop-3.3.6/sbin/
PATH: /mnt/c/Program Files/HP/HP One Agent/
PATH: /mnt/c/Program Files/CMake/bin/
PATH: /mnt/c/Program Files (x86)/Windows Kits/10/Windows Performance Toolkit/
PATH: /mnt/c/Program Files/PowerShell/7/
PATH: /mnt/f/Git/cmd/
PATH: /mnt/c/Users/HP/Downloads/sqlite-tools-win-x64-3460100/sqlite/
PATH: /mnt/c/Program Files/PostgreSQL/17/bin/
PATH: /mnt/c/Users/HP/AppData/Roaming/nvm/
PATH: /mnt/c/Program Files/nodejs/
PATH: /mnt/c/Program Files/apache-maven-3.9.9/bin/
PATH: /mnt/c/Program Files/Java/jdk-11/bin/
PATH: /mnt/c/Program Files/MySQL/MySQL Server 9.0/bin/
PATH: /mnt/c/Users/HP/AppData/Local/Programs/Python/Python311/Scripts/
PATH: /mnt/c/Users/HP/AppData/Local/Programs/Python/Python311/
PATH: /mnt/c/Users/HP/AppData/Local/Programs/Python/Python312/Scripts/
PATH: /mnt/c/Users/HP/AppData/Local/Programs/Python/Python312/
PATH: /mnt/c/Users/HP/AppData/Local/Microsoft/WindowsApps/
PATH: /mnt/c/Users/HP/AppData/Local/GitHubDesktop/bin/
PATH: /mnt/c/Program Files/CMake/bin/
PATH: /mnt/c/Users/HP/AppData/Local/Programs/Microsoft VS Code/bin/
PATH: /mnt/c/Users/HP/AppData/Roaming/npm/
PATH: /mnt/c/Users/HP/AppData/Roaming/nvm/
PATH: /mnt/c/Program Files/nodejs/
PATH: /mnt/c/Users/HP/AppData/Local/Pandoc/
PATH: /snap/bin/


## ----------- ##
## Core tests. ##
## ----------- ##

configure:2576: looking for aux files: compile config.guess config.sub ltmain.sh missing install-sh
configure:2589:  trying ./
configure:2618:   ./compile found
configure:2618:   ./config.guess found
configure:2618:   ./config.sub found
configure:2618:   ./ltmain.sh found
configure:2618:   ./missing found
configure:2600:   ./install-sh found
configure:2750: checking for a BSD-compatible install
configure:2823: result: /usr/bin/install -c
configure:2834: checking whether build environment is sane
configure:2889: result: yes
configure:3048: checking for a race-free mkdir -p
configure:3092: result: /usr/bin/mkdir -p
configure:3099: checking for gawk
configure:3120: found /usr/bin/gawk
configure:3131: result: gawk
configure:3142: checking whether make sets $(MAKE)
configure:3165: result: yes
configure:3195: checking whether make supports nested variables
configure:3213: result: yes
configure:3382: checking build system type
configure:3397: result: x86_64-pc-linux-gnu
configure:3417: checking host system type
configure:3431: result: x86_64-pc-linux-gnu
configure:3472: checking how to print strings
configure:3499: result: printf
configure:3533: checking whether make supports the include directive
configure:3548: make -f confmf.GNU && cat confinc.out
this is the am__doit target
configure:3551: $? = 0
configure:3570: result: yes (GNU style)
configure:3646: checking for gcc
configure:3667: found /usr/bin/gcc
configure:3678: result: gcc
configure:4031: checking for C compiler version
configure:4040: gcc --version >&5
gcc (Ubuntu 11.4.0-1ubuntu1~22.04) 11.4.0
Copyright (C) 2021 Free Software Foundation, Inc.
This is free software; see the source for copying conditions.  There is NO
warranty; not even for MERCHANTABILITY or FITNESS FOR A PARTICULAR PURPOSE.

configure:4051: $? = 0
configure:4040: gcc -v >&5
Using built-in specs.
COLLECT_GCC=gcc
COLLECT_LTO_WRAPPER=/usr/lib/gcc/x86_64-linux-gnu/11/lto-wrapper
OFFLOAD_TARGET_NAMES=nvptx-none:amdgcn-amdhsa
OFFLOAD_TARGET_DEFAULT=1
Target: x86_64-linux-gnu
Configured with: ../src/configure -v --with-pkgversion='Ubuntu 11.4.0-1ubuntu1~22.04' --with-bugurl=file:///usr/share/doc/gcc-11/README.Bugs --enable-languages=c,ada,c++,go,brig,d,fortran,objc,obj-c++,m2 --prefix=/usr --with-gcc-major-version-only --program-suffix=-11 --program-prefix=x86_64-linux-gnu- --enable-shared --enable-linker-build-id --libexecdir=/usr/lib --without-included-gettext --enable-threads=posix --libdir=/usr/lib --enable-nls --enable-bootstrap --enable-clocale=gnu --enable-libstdcxx-debug --enable-libstdcxx-time=yes --with-default-libstdcxx-abi=new --enable-gnu-unique-object --disable-vtable-verify --enable-plugin --enable-default-pie --with-system-zlib --enable-libphobos-checking=release --with-target-system-zlib=auto --enable-objc-gc=auto --enable-multiarch --disable-werror --enable-cet --with-arch-32=i686 --with-abi=m64 --with-multilib-list=m32,m64,mx32 --enable-multilib --with-tune=generic --enable-offload-targets=nvptx-none=/build/gcc-11-XeT9lY/gcc-11-11.4.0/debian/tmp-nvptx/usr,amdgcn-amdhsa=/build/gcc-11-XeT9lY/gcc-11-11.4.0/debian/tmp-gcn/usr --without-cuda-driver --enable-checking=release --build=x86_64-linux-gnu --host=x86_64-linux-gnu --target=x86_64-linux-gnu --with-build-config=bootstrap-lto-lean --enable-link-serialization=2
Thread model: posix
Supported LTO compression algorithms: zlib zstd
gcc version 11.4.0 (Ubuntu 11.4.0-1ubuntu1~22.04) 
... rest of stderr output deleted ...
configure:4051: $? = 0
configure:4040: gcc -V >&5
gcc: error: unrecognized command-line option '-V'
gcc: fatal error: no input files
compilation terminated.
configure:4051: $? = 1
configure:4040: gcc -qversion >&5
gcc: error: unrecognized command-line option '-qversion'; did you mean '--version'?
gcc: fatal error: no input files
compilation terminated.
configure:4051: $? = 1
configure:4040: gcc -version >&5
gcc: error: unrecognized command-line option '-version'
gcc: fatal error: no input files
compilation terminated.
configure:4051: $? = 1
configure:4071: checking whether the C compiler works
configure:4093: gcc    conftest.c  >&5
configure:4097: $? = 0
configure:4147: result: yes
configure:4150: checking for C compiler default output file name
configure:4152: result: a.out
configure:4158: checking for suffix of executables
configure:4165: gcc -o conftest    conftest.c  >&5
configure:4169: $? = 0
configure:4192: result: 
configure:4214: checking whether we are cross compiling
configure:4222: gcc -o conftest    conftest.c  >&5
configure:4226: $? = 0
configure:4233: ./conftest
configure:4237: $? = 0
configure:4252: result: no
configure:4257: checking for suffix of object files
configure:4280: gcc -c   conftest.c >&5
configure:4284: $? = 0
configure:4306: result: o
configure:4310: checking whether the compiler supports GNU C
configure:4330: gcc -c   conftest.c >&5
configure:4330: $? = 0
configure:4340: result: yes
configure:4351: checking whether gcc accepts -g
configure:4372: gcc -c -g  conftest.c >&5
configure:4372: $? = 0
configure:4416: result: yes
configure:4436: checking for gcc option to enable C11 features
configure:4451: gcc  -c -g -O2  conftest.c >&5
configure:4451: $? = 0
configure:4469: result: none needed
configure:4585: checking whether gcc understands -c and -o together
configure:4608: gcc -c conftest.c -o conftest2.o
configure:4611: $? = 0
configure:4608: gcc -c conftest.c -o conftest2.o
configure:4611: $? = 0
configure:4623: result: yes
configure:4642: checking dependency style of gcc
configure:4754: result: gcc3
configure:4769: checking for a sed that does not truncate output
configure:4839: result: /usr/bin/sed
configure:4857: checking for grep that handles long lines and -e
configure:4921: result: /usr/bin/grep
configure:4926: checking for egrep
configure:4994: result: /usr/bin/grep -E
configure:4999: checking for fgrep
configure:5067: result: /usr/bin/grep -F
configure:5103: checking for ld used by gcc
configure:5171: result: /usr/bin/ld
configure:5178: checking if the linker (/usr/bin/ld) is GNU ld
configure:5194: result: yes
configure:5206: checking for BSD- or MS-compatible name lister (nm)
configure:5261: result: /usr/bin/nm -B
configure:5401: checking the name lister (/usr/bin/nm -B) interface
configure:5409: gcc -c -g -O2  conftest.c >&5
configure:5412: /usr/bin/nm -B "conftest.o"
configure:5415: output
0000000000000000 B some_variable
configure:5422: result: BSD nm
configure:5425: checking whether ln -s works
configure:5429: result: yes
configure:5437: checking the maximum length of command line arguments
configure:5569: result: 1572864
configure:5617: checking how to convert x86_64-pc-linux-gnu file names to x86_64-pc-linux-gnu format
configure:5658: result: func_convert_file_noop
configure:5665: checking how to convert x86_64-pc-linux-gnu file names to toolchain format
configure:5686: result: func_convert_file_noop
configure:5693: checking for /usr/bin/ld option to reload object files
configure:5701: result: -r
configure:5780: checking for objdump
configure:5801: found /usr/bin/objdump
configure:5812: result: objdump
configure:5844: checking how to recognize dependent libraries
configure:6045: result: pass_all
configure:6135: checking for dlltool
configure:6170: result: no
configure:6200: checking how to associate runtime and link libraries
configure:6228: result: printf %s\n
configure:6294: checking for ar
configure:6315: found /usr/bin/ar
configure:6326: result: ar
configure:6363: checking for archiver @FILE support
configure:6381: gcc -c -g -O2  conftest.c >&5
configure:6381: $? = 0
configure:6385: ar cr libconftest.a @conftest.lst >&5
configure:6388: $? = 0
configure:6393: ar cr libconftest.a @conftest.lst >&5
ar: conftest.o: No such file or directory
configure:6396: $? = 1
configure:6408: result: @
configure:6471: checking for strip
configure:6492: found /usr/bin/strip
configure:6503: result: strip
configure:6580: checking for ranlib
configure:6601: found /usr/bin/ranlib
configure:6612: result: ranlib
configure:6714: checking command to parse /usr/bin/nm -B output from gcc object
configure:6868: gcc -c -g -O2  conftest.c >&5
configure:6871: $? = 0
configure:6875: /usr/bin/nm -B conftest.o | sed -n -e 's/^.*[	 ]\([ABCDGIRSTW][ABCDGIRSTW]*\)[	 ][	 ]*\([_A-Za-z][_A-Za-z0-9]*\)$/\1 \2 \2/p' | sed '/ __gnu_lto/d' > conftest.nm
configure:6941: gcc -o conftest -g -O2   conftest.c conftstm.o >&5
configure:6944: $? = 0
configure:6982: result: ok
configure:7029: checking for sysroot
configure:7060: result: no
configure:7067: checking for a working dd
configure:7111: result: /usr/bin/dd
configure:7115: checking how to truncate binary pipes
configure:7131: result: /usr/bin/dd bs=4096 count=1
configure:7268: gcc -c -g -O2  conftest.c >&5
configure:7271: $? = 0
configure:7468: checking for mt
configure:7489: found /usr/bin/mt
configure:7500: result: mt
configure:7523: checking if mt is a manifest tool
configure:7530: mt '-?'
configure:7538: result: no
configure:8268: checking for stdio.h
configure:8268: gcc -c -g -O2  conftest.c >&5
configure:8268: $? = 0
configure:8268: result: yes
configure:8268: checking for stdlib.h
configure:8268: gcc -c -g -O2  conftest.c >&5
configure:8268: $? = 0
configure:8268: result: yes
configure:8268: checking for string.h
configure:8268: gcc -c -g -O2  conftest.c >&5
configure:8268: $? = 0
configure:8268: result: yes
configure:8268: checking for inttypes.h
configure:8268: gcc -c -g -O2  conftest.c >&5
configure:8268: $? = 0
configure:8268: result: yes
configure:8268: checking for stdint.h
configure:8268: gcc -c -g -O2  conftest.c >&5
configure:8268: $? = 0
configure:8268: result: yes
configure:8268: checking for strings.h
configure:8268: gcc -c -g -O2  conftest.c >&5
configure:8268: $? = 0
configure:8268: result: yes
configure:8268: checking for sys/stat.h
configure:8268: gcc -c -g -O2  conftest.c >&5
configure:8268: $? = 0
configure:8268: result: yes
configure:8268: checking for sys/types.h
configure:8268: gcc -c -g -O2  conftest.c >&5
configure:8268: $? = 0
configure:8268: result: yes
configure:8268: checking for unistd.h
configure:8268: gcc -c -g -O2  conftest.c >&5
configure:8268: $? = 0
configure:8268: result: yes
configure:8268: checking for sys/time.h
configure:8268: gcc -c -g -O2  conftest.c >&5
configure:8268: $? = 0
configure:8268: result: yes
configure:8293: checking for dlfcn.h
configure:8293: gcc -c -g -O2  conftest.c >&5
configure:8293: $? = 0
configure:8293: result: yes
configure:8551: checking for objdir
configure:8567: result: .libs
configure:8831: checking if gcc supports -fno-rtti -fno-exceptions
configure:8850: gcc -c -g -O2  -fno-rtti -fno-exceptions conftest.c >&5
cc1: warning: command-line option '-fno-rtti' is valid for C++/D/ObjC++ but not for C
configure:8854: $? = 0
configure:8867: result: no
configure:9231: checking for gcc option to produce PIC
configure:9239: result: -fPIC -DPIC
configure:9247: checking if gcc PIC flag -fPIC -DPIC works
configure:9266: gcc -c -g -O2  -fPIC -DPIC -DPIC conftest.c >&5
configure:9270: $? = 0
configure:9283: result: yes
configure:9312: checking if gcc static flag -static works
configure:9341: result: yes
configure:9356: checking if gcc supports -c -o file.o
configure:9378: gcc -c -g -O2  -o out/conftest2.o conftest.c >&5
configure:9382: $? = 0
configure:9404: result: yes
configure:9412: checking if gcc supports -c -o file.o
configure:9460: result: yes
configure:9493: checking whether the gcc linker (/usr/bin/ld -m elf_x86_64) supports shared libraries
configure:10763: result: yes
configure:10800: checking whether -lc should be explicitly linked in
configure:10809: gcc -c -g -O2  conftest.c >&5
configure:10812: $? = 0
configure:10827: gcc -shared  -fPIC -DPIC conftest.o  -v -Wl,-soname -Wl,conftest -o conftest 2\>\&1 \| /usr/bin/grep  -lc  \>/dev/null 2\>\&1
configure:10830: $? = 0
configure:10844: result: no
configure:11004: checking dynamic linker characteristics
configure:11586: gcc -o conftest -g -O2   -Wl,-rpath -Wl,/foo conftest.c  >&5
configure:11586: $? = 0
configure:11837: result: GNU/Linux ld.so
configure:11959: checking how to hardcode library paths into programs
configure:11984: result: immediate
configure:12536: checking whether stripping libraries is possible
configure:12541: result: yes
configure:12576: checking if libtool supports shared libraries
configure:12578: result: yes
configure:12581: checking whether to build shared libraries
configure:12606: result: yes
configure:12609: checking whether to build static libraries
configure:12613: result: yes
configure:12661: checking for library containing log
configure:12691: gcc -o conftest -g -O2   -L/usr/local/lib conftest.c  >&5
conftest.c:28:6: warning: conflicting types for built-in function 'log'; expected 'double(double)' [-Wbuiltin-declaration-mismatch]
   28 | char log ();
      |      ^~~
conftest.c:1:1: note: 'log' is declared in header '<math.h>'
    1 | /* confdefs.h */
/usr/bin/ld: /tmp/ccODHoF4.o: in function `main':
/mnt/f/PROJECTS/libpostal/conftest.c:32: undefined reference to `log'
collect2: error: ld returned 1 exit status
configure:12691: $? = 1
configure: failed program was:
| /* confdefs.h */
| #define PACKAGE_NAME "libpostal"
| #define PACKAGE_TARNAME "libpostal"
| #define PACKAGE_VERSION "1.1.0"
| #define PACKAGE_STRING "libpostal 1.1.0"
| #define PACKAGE_BUGREPORT ""
| #define PACKAGE_URL ""
| #define PACKAGE "libpostal"
| #define VERSION "1.1.0"
| #define HAVE_STDIO_H 1
| #define HAVE_STDLIB_H 1
| #define HAVE_STRING_H 1
| #define HAVE_INTTYPES_H 1
| #define HAVE_STDINT_H 1
| #define HAVE_STRINGS_H 1
| #define HAVE_SYS_STAT_H 1
| #define HAVE_SYS_TYPES_H 1
| #define HAVE_UNISTD_H 1
| #define HAVE_SYS_TIME_H 1
| #define STDC_HEADERS 1
| #define HAVE_DLFCN_H 1
| #define LT_OBJDIR ".libs/"
| /* end confdefs.h.  */
| 
| /* Override any GCC internal prototype to avoid an error.
|    Use char because int might match the return type of a GCC
|    builtin and then its argument prototype would still apply.  */
| char log ();
| int
| main (void)
| {
| return log ();
|   ;
|   return 0;
| }
configure:12691: gcc -o conftest -g -O2   -L/usr/local/lib conftest.c -lm   >&5
conftest.c:28:6: warning: conflicting types for built-in function 'log'; expected 'double(double)' [-Wbuiltin-declaration-mismatch]
   28 | char log ();
      |      ^~~
conftest.c:1:1: note: 'log' is declared in header '<math.h>'
    1 | /* confdefs.h */
configure:12691: $? = 0
configure:12711: result: -lm
configure:12727: checking for egrep
configure:12795: result: /usr/bin/grep -E
configure:12814: checking for dirent.h that defines DIR
configure:12834: gcc -c -g -O2  conftest.c >&5
configure:12834: $? = 0
configure:12843: result: yes
configure:12857: checking for library containing opendir
configure:12887: gcc -o conftest -g -O2   -L/usr/local/lib conftest.c -lm  >&5
configure:12887: $? = 0
configure:12907: result: none required
configure:12978: checking for _Bool
configure:12978: gcc -c -g -O2  conftest.c >&5
configure:12978: $? = 0
configure:12978: gcc -c -g -O2  conftest.c >&5
conftest.c: In function 'main':
conftest.c:57:20: error: expected expression before ')' token
   57 | if (sizeof ((_Bool)))
      |                    ^
configure:12978: $? = 1
configure: failed program was:
| /* confdefs.h */
| #define PACKAGE_NAME "libpostal"
| #define PACKAGE_TARNAME "libpostal"
| #define PACKAGE_VERSION "1.1.0"
| #define PACKAGE_STRING "libpostal 1.1.0"
| #define PACKAGE_BUGREPORT ""
| #define PACKAGE_URL ""
| #define PACKAGE "libpostal"
| #define VERSION "1.1.0"
| #define HAVE_STDIO_H 1
| #define HAVE_STDLIB_H 1
| #define HAVE_STRING_H 1
| #define HAVE_INTTYPES_H 1
| #define HAVE_STDINT_H 1
| #define HAVE_STRINGS_H 1
| #define HAVE_SYS_STAT_H 1
| #define HAVE_SYS_TYPES_H 1
| #define HAVE_UNISTD_H 1
| #define HAVE_SYS_TIME_H 1
| #define STDC_HEADERS 1
| #define HAVE_DLFCN_H 1
| #define LT_OBJDIR ".libs/"
| #define TIME_WITH_SYS_TIME 1
| #define HAVE_DIRENT_H 1
| /* end confdefs.h.  */
| #include <stddef.h>
| #ifdef HAVE_STDIO_H
| # include <stdio.h>
| #endif
| #ifdef HAVE_STDLIB_H
| # include <stdlib.h>
| #endif
| #ifdef HAVE_STRING_H
| # include <string.h>
| #endif
| #ifdef HAVE_INTTYPES_H
| # include <inttypes.h>
| #endif
| #ifdef HAVE_STDINT_H
| # include <stdint.h>
| #endif
| #ifdef HAVE_STRINGS_H
| # include <strings.h>
| #endif
| #ifdef HAVE_SYS_TYPES_H
| # include <sys/types.h>
| #endif
| #ifdef HAVE_SYS_STAT_H
| # include <sys/stat.h>
| #endif
| #ifdef HAVE_UNISTD_H
| # include <unistd.h>
| #endif
| int
| main (void)
| {
| if (sizeof ((_Bool)))
| 	    return 0;
|   ;
|   return 0;
| }
configure:12978: result: yes
configure:12987: checking for stdbool.h that conforms to C99
configure:13103: gcc -c -g -O2  conftest.c >&5
configure:13103: $? = 0
configure:13111: result: yes
configure:13120: checking for fcntl.h
configure:13120: gcc -c -g -O2  conftest.c >&5
configure:13120: $? = 0
configure:13120: result: yes
configure:13126: checking for float.h
configure:13126: gcc -c -g -O2  conftest.c >&5
configure:13126: $? = 0
configure:13126: result: yes
configure:13132: checking for inttypes.h
configure:13132: result: yes
configure:13138: checking for limits.h
configure:13138: gcc -c -g -O2  conftest.c >&5
configure:13138: $? = 0
configure:13138: result: yes
configure:13144: checking for locale.h
configure:13144: gcc -c -g -O2  conftest.c >&5
configure:13144: $? = 0
configure:13144: result: yes
configure:13150: checking for malloc.h
configure:13150: gcc -c -g -O2  conftest.c >&5
configure:13150: $? = 0
configure:13150: result: yes
configure:13156: checking for memory.h
configure:13156: gcc -c -g -O2  conftest.c >&5
configure:13156: $? = 0
configure:13156: result: yes
configure:13162: checking for stddef.h
configure:13162: gcc -c -g -O2  conftest.c >&5
configure:13162: $? = 0
configure:13162: result: yes
configure:13168: checking for stdint.h
configure:13168: result: yes
configure:13174: checking for stdlib.h
configure:13174: result: yes
configure:13180: checking for string.h
configure:13180: result: yes
configure:13186: checking for unistd.h
configure:13186: result: yes
configure:13195: checking for inline
configure:13212: gcc -c -g -O2  conftest.c >&5
configure:13212: $? = 0
configure:13221: result: inline
configure:13239: checking for int16_t
configure:13239: gcc -c -g -O2  conftest.c >&5
configure:13239: $? = 0
configure:13239: gcc -c -g -O2  conftest.c >&5
conftest.c: In function 'main':
conftest.c:72:12: error: size of array 'test_array' is negative
   72 | static int test_array [1 - 2 * !((int16_t) (((((int16_t) 1 << N) << N) - 1) * 2 + 1)
      |            ^~~~~~~~~~
configure:13239: $? = 1
configure: failed program was:
| /* confdefs.h */
| #define PACKAGE_NAME "libpostal"
| #define PACKAGE_TARNAME "libpostal"
| #define PACKAGE_VERSION "1.1.0"
| #define PACKAGE_STRING "libpostal 1.1.0"
| #define PACKAGE_BUGREPORT ""
| #define PACKAGE_URL ""
| #define PACKAGE "libpostal"
| #define VERSION "1.1.0"
| #define HAVE_STDIO_H 1
| #define HAVE_STDLIB_H 1
| #define HAVE_STRING_H 1
| #define HAVE_INTTYPES_H 1
| #define HAVE_STDINT_H 1
| #define HAVE_STRINGS_H 1
| #define HAVE_SYS_STAT_H 1
| #define HAVE_SYS_TYPES_H 1
| #define HAVE_UNISTD_H 1
| #define HAVE_SYS_TIME_H 1
| #define STDC_HEADERS 1
| #define HAVE_DLFCN_H 1
| #define LT_OBJDIR ".libs/"
| #define TIME_WITH_SYS_TIME 1
| #define HAVE_DIRENT_H 1
| #define HAVE__BOOL 1
| #define HAVE_STDBOOL_H 1
| #define HAVE_FCNTL_H 1
| #define HAVE_FLOAT_H 1
| #define HAVE_INTTYPES_H 1
| #define HAVE_LIMITS_H 1
| #define HAVE_LOCALE_H 1
| #define HAVE_MALLOC_H 1
| #define HAVE_MEMORY_H 1
| #define HAVE_STDDEF_H 1
| #define HAVE_STDINT_H 1
| #define HAVE_STDLIB_H 1
| #define HAVE_STRING_H 1
| #define HAVE_UNISTD_H 1
| /* end confdefs.h.  */
| #include <stddef.h>
| #ifdef HAVE_STDIO_H
| # include <stdio.h>
| #endif
| #ifdef HAVE_STDLIB_H
| # include <stdlib.h>
| #endif
| #ifdef HAVE_STRING_H
| # include <string.h>
| #endif
| #ifdef HAVE_INTTYPES_H
| # include <inttypes.h>
| #endif
| #ifdef HAVE_STDINT_H
| # include <stdint.h>
| #endif
| #ifdef HAVE_STRINGS_H
| # include <strings.h>
| #endif
| #ifdef HAVE_SYS_TYPES_H
| # include <sys/types.h>
| #endif
| #ifdef HAVE_SYS_STAT_H
| # include <sys/stat.h>
| #endif
| #ifdef HAVE_UNISTD_H
| # include <unistd.h>
| #endif
| 	        enum { N = 16 / 2 - 1 };
| int
| main (void)
| {
| static int test_array [1 - 2 * !((int16_t) (((((int16_t) 1 << N) << N) - 1) * 2 + 1)
| 		 < (int16_t) (((((int16_t) 1 << N) << N) - 1) * 2 + 2))];
| test_array [0] = 0;
| return test_array [0];
| 
|   ;
|   return 0;
| }
configure:13239: result: yes
configure:13248: checking for int32_t
configure:13248: gcc -c -g -O2  conftest.c >&5
configure:13248: $? = 0
configure:13248: gcc -c -g -O2  conftest.c >&5
conftest.c: In function 'main':
conftest.c:73:67: warning: integer overflow in expression of type 'int' results in '-2147483648' [-Woverflow]
   73 |                  < (int32_t) (((((int32_t) 1 << N) << N) - 1) * 2 + 2))];
      |                                                                   ^
conftest.c:72:12: error: storage size of 'test_array' isn't constant
   72 | static int test_array [1 - 2 * !((int32_t) (((((int32_t) 1 << N) << N) - 1) * 2 + 1)
      |            ^~~~~~~~~~
configure:13248: $? = 1
configure: failed program was:
| /* confdefs.h */
| #define PACKAGE_NAME "libpostal"
| #define PACKAGE_TARNAME "libpostal"
| #define PACKAGE_VERSION "1.1.0"
| #define PACKAGE_STRING "libpostal 1.1.0"
| #define PACKAGE_BUGREPORT ""
| #define PACKAGE_URL ""
| #define PACKAGE "libpostal"
| #define VERSION "1.1.0"
| #define HAVE_STDIO_H 1
| #define HAVE_STDLIB_H 1
| #define HAVE_STRING_H 1
| #define HAVE_INTTYPES_H 1
| #define HAVE_STDINT_H 1
| #define HAVE_STRINGS_H 1
| #define HAVE_SYS_STAT_H 1
| #define HAVE_SYS_TYPES_H 1
| #define HAVE_UNISTD_H 1
| #define HAVE_SYS_TIME_H 1
| #define STDC_HEADERS 1
| #define HAVE_DLFCN_H 1
| #define LT_OBJDIR ".libs/"
| #define TIME_WITH_SYS_TIME 1
| #define HAVE_DIRENT_H 1
| #define HAVE__BOOL 1
| #define HAVE_STDBOOL_H 1
| #define HAVE_FCNTL_H 1
| #define HAVE_FLOAT_H 1
| #define HAVE_INTTYPES_H 1
| #define HAVE_LIMITS_H 1
| #define HAVE_LOCALE_H 1
| #define HAVE_MALLOC_H 1
| #define HAVE_MEMORY_H 1
| #define HAVE_STDDEF_H 1
| #define HAVE_STDINT_H 1
| #define HAVE_STDLIB_H 1
| #define HAVE_STRING_H 1
| #define HAVE_UNISTD_H 1
| /* end confdefs.h.  */
| #include <stddef.h>
| #ifdef HAVE_STDIO_H
| # include <stdio.h>
| #endif
| #ifdef HAVE_STDLIB_H
| # include <stdlib.h>
| #endif
| #ifdef HAVE_STRING_H
| # include <string.h>
| #endif
| #ifdef HAVE_INTTYPES_H
| # include <inttypes.h>
| #endif
| #ifdef HAVE_STDINT_H
| # include <stdint.h>
| #endif
| #ifdef HAVE_STRINGS_H
| # include <strings.h>
| #endif
| #ifdef HAVE_SYS_TYPES_H
| # include <sys/types.h>
| #endif
| #ifdef HAVE_SYS_STAT_H
| # include <sys/stat.h>
| #endif
| #ifdef HAVE_UNISTD_H
| # include <unistd.h>
| #endif
| 	        enum { N = 32 / 2 - 1 };
| int
| main (void)
| {
| static int test_array [1 - 2 * !((int32_t) (((((int32_t) 1 << N) << N) - 1) * 2 + 1)
| 		 < (int32_t) (((((int32_t) 1 << N) << N) - 1) * 2 + 2))];
| test_array [0] = 0;
| return test_array [0];
| 
|   ;
|   return 0;
| }
configure:13248: result: yes
configure:13257: checking for int64_t
configure:13257: gcc -c -g -O2  conftest.c >&5
configure:13257: $? = 0
configure:13257: gcc -c -g -O2  conftest.c >&5
conftest.c: In function 'main':
conftest.c:73:67: warning: integer overflow in expression of type 'long int' results in '-9223372036854775808' [-Woverflow]
   73 |                  < (int64_t) (((((int64_t) 1 << N) << N) - 1) * 2 + 2))];
      |                                                                   ^
conftest.c:72:12: error: storage size of 'test_array' isn't constant
   72 | static int test_array [1 - 2 * !((int64_t) (((((int64_t) 1 << N) << N) - 1) * 2 + 1)
      |            ^~~~~~~~~~
configure:13257: $? = 1
configure: failed program was:
| /* confdefs.h */
| #define PACKAGE_NAME "libpostal"
| #define PACKAGE_TARNAME "libpostal"
| #define PACKAGE_VERSION "1.1.0"
| #define PACKAGE_STRING "libpostal 1.1.0"
| #define PACKAGE_BUGREPORT ""
| #define PACKAGE_URL ""
| #define PACKAGE "libpostal"
| #define VERSION "1.1.0"
| #define HAVE_STDIO_H 1
| #define HAVE_STDLIB_H 1
| #define HAVE_STRING_H 1
| #define HAVE_INTTYPES_H 1
| #define HAVE_STDINT_H 1
| #define HAVE_STRINGS_H 1
| #define HAVE_SYS_STAT_H 1
| #define HAVE_SYS_TYPES_H 1
| #define HAVE_UNISTD_H 1
| #define HAVE_SYS_TIME_H 1
| #define STDC_HEADERS 1
| #define HAVE_DLFCN_H 1
| #define LT_OBJDIR ".libs/"
| #define TIME_WITH_SYS_TIME 1
| #define HAVE_DIRENT_H 1
| #define HAVE__BOOL 1
| #define HAVE_STDBOOL_H 1
| #define HAVE_FCNTL_H 1
| #define HAVE_FLOAT_H 1
| #define HAVE_INTTYPES_H 1
| #define HAVE_LIMITS_H 1
| #define HAVE_LOCALE_H 1
| #define HAVE_MALLOC_H 1
| #define HAVE_MEMORY_H 1
| #define HAVE_STDDEF_H 1
| #define HAVE_STDINT_H 1
| #define HAVE_STDLIB_H 1
| #define HAVE_STRING_H 1
| #define HAVE_UNISTD_H 1
| /* end confdefs.h.  */
| #include <stddef.h>
| #ifdef HAVE_STDIO_H
| # include <stdio.h>
| #endif
| #ifdef HAVE_STDLIB_H
| # include <stdlib.h>
| #endif
| #ifdef HAVE_STRING_H
| # include <string.h>
| #endif
| #ifdef HAVE_INTTYPES_H
| # include <inttypes.h>
| #endif
| #ifdef HAVE_STDINT_H
| # include <stdint.h>
| #endif
| #ifdef HAVE_STRINGS_H
| # include <strings.h>
| #endif
| #ifdef HAVE_SYS_TYPES_H
| # include <sys/types.h>
| #endif
| #ifdef HAVE_SYS_STAT_H
| # include <sys/stat.h>
| #endif
| #ifdef HAVE_UNISTD_H
| # include <unistd.h>
| #endif
| 	        enum { N = 64 / 2 - 1 };
| int
| main (void)
| {
| static int test_array [1 - 2 * !((int64_t) (((((int64_t) 1 << N) << N) - 1) * 2 + 1)
| 		 < (int64_t) (((((int64_t) 1 << N) << N) - 1) * 2 + 2))];
| test_array [0] = 0;
| return test_array [0];
| 
|   ;
|   return 0;
| }
configure:13257: result: yes
configure:13266: checking for int8_t
configure:13266: gcc -c -g -O2  conftest.c >&5
configure:13266: $? = 0
configure:13266: gcc -c -g -O2  conftest.c >&5
conftest.c: In function 'main':
conftest.c:72:12: error: size of array 'test_array' is negative
   72 | static int test_array [1 - 2 * !((int8_t) (((((int8_t) 1 << N) << N) - 1) * 2 + 1)
      |            ^~~~~~~~~~
configure:13266: $? = 1
configure: failed program was:
| /* confdefs.h */
| #define PACKAGE_NAME "libpostal"
| #define PACKAGE_TARNAME "libpostal"
| #define PACKAGE_VERSION "1.1.0"
| #define PACKAGE_STRING "libpostal 1.1.0"
| #define PACKAGE_BUGREPORT ""
| #define PACKAGE_URL ""
| #define PACKAGE "libpostal"
| #define VERSION "1.1.0"
| #define HAVE_STDIO_H 1
| #define HAVE_STDLIB_H 1
| #define HAVE_STRING_H 1
| #define HAVE_INTTYPES_H 1
| #define HAVE_STDINT_H 1
| #define HAVE_STRINGS_H 1
| #define HAVE_SYS_STAT_H 1
| #define HAVE_SYS_TYPES_H 1
| #define HAVE_UNISTD_H 1
| #define HAVE_SYS_TIME_H 1
| #define STDC_HEADERS 1
| #define HAVE_DLFCN_H 1
| #define LT_OBJDIR ".libs/"
| #define TIME_WITH_SYS_TIME 1
| #define HAVE_DIRENT_H 1
| #define HAVE__BOOL 1
| #define HAVE_STDBOOL_H 1
| #define HAVE_FCNTL_H 1
| #define HAVE_FLOAT_H 1
| #define HAVE_INTTYPES_H 1
| #define HAVE_LIMITS_H 1
| #define HAVE_LOCALE_H 1
| #define HAVE_MALLOC_H 1
| #define HAVE_MEMORY_H 1
| #define HAVE_STDDEF_H 1
| #define HAVE_STDINT_H 1
| #define HAVE_STDLIB_H 1
| #define HAVE_STRING_H 1
| #define HAVE_UNISTD_H 1
| /* end confdefs.h.  */
| #include <stddef.h>
| #ifdef HAVE_STDIO_H
| # include <stdio.h>
| #endif
| #ifdef HAVE_STDLIB_H
| # include <stdlib.h>
| #endif
| #ifdef HAVE_STRING_H
| # include <string.h>
| #endif
| #ifdef HAVE_INTTYPES_H
| # include <inttypes.h>
| #endif
| #ifdef HAVE_STDINT_H
| # include <stdint.h>
| #endif
| #ifdef HAVE_STRINGS_H
| # include <strings.h>
| #endif
| #ifdef HAVE_SYS_TYPES_H
| # include <sys/types.h>
| #endif
| #ifdef HAVE_SYS_STAT_H
| # include <sys/stat.h>
| #endif
| #ifdef HAVE_UNISTD_H
| # include <unistd.h>
| #endif
| 	        enum { N = 8 / 2 - 1 };
| int
| main (void)
| {
| static int test_array [1 - 2 * !((int8_t) (((((int8_t) 1 << N) << N) - 1) * 2 + 1)
| 		 < (int8_t) (((((int8_t) 1 << N) << N) - 1) * 2 + 2))];
| test_array [0] = 0;
| return test_array [0];
| 
|   ;
|   return 0;
| }
configure:13266: result: yes
configure:13275: checking for off_t
configure:13275: gcc -c -g -O2  conftest.c >&5
configure:13275: $? = 0
configure:13275: gcc -c -g -O2  conftest.c >&5
conftest.c: In function 'main':
conftest.c:71:20: error: expected expression before ')' token
   71 | if (sizeof ((off_t)))
      |                    ^
configure:13275: $? = 1
configure: failed program was:
| /* confdefs.h */
| #define PACKAGE_NAME "libpostal"
| #define PACKAGE_TARNAME "libpostal"
| #define PACKAGE_VERSION "1.1.0"
| #define PACKAGE_STRING "libpostal 1.1.0"
| #define PACKAGE_BUGREPORT ""
| #define PACKAGE_URL ""
| #define PACKAGE "libpostal"
| #define VERSION "1.1.0"
| #define HAVE_STDIO_H 1
| #define HAVE_STDLIB_H 1
| #define HAVE_STRING_H 1
| #define HAVE_INTTYPES_H 1
| #define HAVE_STDINT_H 1
| #define HAVE_STRINGS_H 1
| #define HAVE_SYS_STAT_H 1
| #define HAVE_SYS_TYPES_H 1
| #define HAVE_UNISTD_H 1
| #define HAVE_SYS_TIME_H 1
| #define STDC_HEADERS 1
| #define HAVE_DLFCN_H 1
| #define LT_OBJDIR ".libs/"
| #define TIME_WITH_SYS_TIME 1
| #define HAVE_DIRENT_H 1
| #define HAVE__BOOL 1
| #define HAVE_STDBOOL_H 1
| #define HAVE_FCNTL_H 1
| #define HAVE_FLOAT_H 1
| #define HAVE_INTTYPES_H 1
| #define HAVE_LIMITS_H 1
| #define HAVE_LOCALE_H 1
| #define HAVE_MALLOC_H 1
| #define HAVE_MEMORY_H 1
| #define HAVE_STDDEF_H 1
| #define HAVE_STDINT_H 1
| #define HAVE_STDLIB_H 1
| #define HAVE_STRING_H 1
| #define HAVE_UNISTD_H 1
| /* end confdefs.h.  */
| #include <stddef.h>
| #ifdef HAVE_STDIO_H
| # include <stdio.h>
| #endif
| #ifdef HAVE_STDLIB_H
| # include <stdlib.h>
| #endif
| #ifdef HAVE_STRING_H
| # include <string.h>
| #endif
| #ifdef HAVE_INTTYPES_H
| # include <inttypes.h>
| #endif
| #ifdef HAVE_STDINT_H
| # include <stdint.h>
| #endif
| #ifdef HAVE_STRINGS_H
| # include <strings.h>
| #endif
| #ifdef HAVE_SYS_TYPES_H
| # include <sys/types.h>
| #endif
| #ifdef HAVE_SYS_STAT_H
| # include <sys/stat.h>
| #endif
| #ifdef HAVE_UNISTD_H
| # include <unistd.h>
| #endif
| int
| main (void)
| {
| if (sizeof ((off_t)))
| 	    return 0;
|   ;
|   return 0;
| }
configure:13275: result: yes
configure:13285: checking for size_t
configure:13285: gcc -c -g -O2  conftest.c >&5
configure:13285: $? = 0
configure:13285: gcc -c -g -O2  conftest.c >&5
conftest.c: In function 'main':
conftest.c:71:21: error: expected expression before ')' token
   71 | if (sizeof ((size_t)))
      |                     ^
configure:13285: $? = 1
configure: failed program was:
| /* confdefs.h */
| #define PACKAGE_NAME "libpostal"
| #define PACKAGE_TARNAME "libpostal"
| #define PACKAGE_VERSION "1.1.0"
| #define PACKAGE_STRING "libpostal 1.1.0"
| #define PACKAGE_BUGREPORT ""
| #define PACKAGE_URL ""
| #define PACKAGE "libpostal"
| #define VERSION "1.1.0"
| #define HAVE_STDIO_H 1
| #define HAVE_STDLIB_H 1
| #define HAVE_STRING_H 1
| #define HAVE_INTTYPES_H 1
| #define HAVE_STDINT_H 1
| #define HAVE_STRINGS_H 1
| #define HAVE_SYS_STAT_H 1
| #define HAVE_SYS_TYPES_H 1
| #define HAVE_UNISTD_H 1
| #define HAVE_SYS_TIME_H 1
| #define STDC_HEADERS 1
| #define HAVE_DLFCN_H 1
| #define LT_OBJDIR ".libs/"
| #define TIME_WITH_SYS_TIME 1
| #define HAVE_DIRENT_H 1
| #define HAVE__BOOL 1
| #define HAVE_STDBOOL_H 1
| #define HAVE_FCNTL_H 1
| #define HAVE_FLOAT_H 1
| #define HAVE_INTTYPES_H 1
| #define HAVE_LIMITS_H 1
| #define HAVE_LOCALE_H 1
| #define HAVE_MALLOC_H 1
| #define HAVE_MEMORY_H 1
| #define HAVE_STDDEF_H 1
| #define HAVE_STDINT_H 1
| #define HAVE_STDLIB_H 1
| #define HAVE_STRING_H 1
| #define HAVE_UNISTD_H 1
| /* end confdefs.h.  */
| #include <stddef.h>
| #ifdef HAVE_STDIO_H
| # include <stdio.h>
| #endif
| #ifdef HAVE_STDLIB_H
| # include <stdlib.h>
| #endif
| #ifdef HAVE_STRING_H
| # include <string.h>
| #endif
| #ifdef HAVE_INTTYPES_H
| # include <inttypes.h>
| #endif
| #ifdef HAVE_STDINT_H
| # include <stdint.h>
| #endif
| #ifdef HAVE_STRINGS_H
| # include <strings.h>
| #endif
| #ifdef HAVE_SYS_TYPES_H
| # include <sys/types.h>
| #endif
| #ifdef HAVE_SYS_STAT_H
| # include <sys/stat.h>
| #endif
| #ifdef HAVE_UNISTD_H
| # include <unistd.h>
| #endif
| int
| main (void)
| {
| if (sizeof ((size_t)))
| 	    return 0;
|   ;
|   return 0;
| }
configure:13285: result: yes
configure:13295: checking for ssize_t
configure:13295: gcc -c -g -O2  conftest.c >&5
configure:13295: $? = 0
configure:13295: gcc -c -g -O2  conftest.c >&5
conftest.c: In function 'main':
conftest.c:71:22: error: expected expression before ')' token
   71 | if (sizeof ((ssize_t)))
      |                      ^
configure:13295: $? = 1
configure: failed program was:
| /* confdefs.h */
| #define PACKAGE_NAME "libpostal"
| #define PACKAGE_TARNAME "libpostal"
| #define PACKAGE_VERSION "1.1.0"
| #define PACKAGE_STRING "libpostal 1.1.0"
| #define PACKAGE_BUGREPORT ""
| #define PACKAGE_URL ""
| #define PACKAGE "libpostal"
| #define VERSION "1.1.0"
| #define HAVE_STDIO_H 1
| #define HAVE_STDLIB_H 1
| #define HAVE_STRING_H 1
| #define HAVE_INTTYPES_H 1
| #define HAVE_STDINT_H 1
| #define HAVE_STRINGS_H 1
| #define HAVE_SYS_STAT_H 1
| #define HAVE_SYS_TYPES_H 1
| #define HAVE_UNISTD_H 1
| #define HAVE_SYS_TIME_H 1
| #define STDC_HEADERS 1
| #define HAVE_DLFCN_H 1
| #define LT_OBJDIR ".libs/"
| #define TIME_WITH_SYS_TIME 1
| #define HAVE_DIRENT_H 1
| #define HAVE__BOOL 1
| #define HAVE_STDBOOL_H 1
| #define HAVE_FCNTL_H 1
| #define HAVE_FLOAT_H 1
| #define HAVE_INTTYPES_H 1
| #define HAVE_LIMITS_H 1
| #define HAVE_LOCALE_H 1
| #define HAVE_MALLOC_H 1
| #define HAVE_MEMORY_H 1
| #define HAVE_STDDEF_H 1
| #define HAVE_STDINT_H 1
| #define HAVE_STDLIB_H 1
| #define HAVE_STRING_H 1
| #define HAVE_UNISTD_H 1
| /* end confdefs.h.  */
| #include <stddef.h>
| #ifdef HAVE_STDIO_H
| # include <stdio.h>
| #endif
| #ifdef HAVE_STDLIB_H
| # include <stdlib.h>
| #endif
| #ifdef HAVE_STRING_H
| # include <string.h>
| #endif
| #ifdef HAVE_INTTYPES_H
| # include <inttypes.h>
| #endif
| #ifdef HAVE_STDINT_H
| # include <stdint.h>
| #endif
| #ifdef HAVE_STRINGS_H
| # include <strings.h>
| #endif
| #ifdef HAVE_SYS_TYPES_H
| # include <sys/types.h>
| #endif
| #ifdef HAVE_SYS_STAT_H
| # include <sys/stat.h>
| #endif
| #ifdef HAVE_UNISTD_H
| # include <unistd.h>
| #endif
| int
| main (void)
| {
| if (sizeof ((ssize_t)))
| 	    return 0;
|   ;
|   return 0;
| }
configure:13295: result: yes
configure:13305: checking for uint16_t
configure:13305: gcc -c -g -O2  conftest.c >&5
configure:13305: $? = 0
configure:13305: result: yes
configure:13315: checking for uint32_t
configure:13315: gcc -c -g -O2  conftest.c >&5
configure:13315: $? = 0
configure:13315: result: yes
configure:13327: checking for uint64_t
configure:13327: gcc -c -g -O2  conftest.c >&5
configure:13327: $? = 0
configure:13327: result: yes
configure:13339: checking for uint8_t
configure:13339: gcc -c -g -O2  conftest.c >&5
configure:13339: $? = 0
configure:13339: result: yes
configure:13351: checking for ptrdiff_t
configure:13351: gcc -c -g -O2  conftest.c >&5
configure:13351: $? = 0
configure:13351: gcc -c -g -O2  conftest.c >&5
conftest.c: In function 'main':
conftest.c:71:24: error: expected expression before ')' token
   71 | if (sizeof ((ptrdiff_t)))
      |                        ^
configure:13351: $? = 1
configure: failed program was:
| /* confdefs.h */
| #define PACKAGE_NAME "libpostal"
| #define PACKAGE_TARNAME "libpostal"
| #define PACKAGE_VERSION "1.1.0"
| #define PACKAGE_STRING "libpostal 1.1.0"
| #define PACKAGE_BUGREPORT ""
| #define PACKAGE_URL ""
| #define PACKAGE "libpostal"
| #define VERSION "1.1.0"
| #define HAVE_STDIO_H 1
| #define HAVE_STDLIB_H 1
| #define HAVE_STRING_H 1
| #define HAVE_INTTYPES_H 1
| #define HAVE_STDINT_H 1
| #define HAVE_STRINGS_H 1
| #define HAVE_SYS_STAT_H 1
| #define HAVE_SYS_TYPES_H 1
| #define HAVE_UNISTD_H 1
| #define HAVE_SYS_TIME_H 1
| #define STDC_HEADERS 1
| #define HAVE_DLFCN_H 1
| #define LT_OBJDIR ".libs/"
| #define TIME_WITH_SYS_TIME 1
| #define HAVE_DIRENT_H 1
| #define HAVE__BOOL 1
| #define HAVE_STDBOOL_H 1
| #define HAVE_FCNTL_H 1
| #define HAVE_FLOAT_H 1
| #define HAVE_INTTYPES_H 1
| #define HAVE_LIMITS_H 1
| #define HAVE_LOCALE_H 1
| #define HAVE_MALLOC_H 1
| #define HAVE_MEMORY_H 1
| #define HAVE_STDDEF_H 1
| #define HAVE_STDINT_H 1
| #define HAVE_STDLIB_H 1
| #define HAVE_STRING_H 1
| #define HAVE_UNISTD_H 1
| /* end confdefs.h.  */
| #include <stddef.h>
| #ifdef HAVE_STDIO_H
| # include <stdio.h>
| #endif
| #ifdef HAVE_STDLIB_H
| # include <stdlib.h>
| #endif
| #ifdef HAVE_STRING_H
| # include <string.h>
| #endif
| #ifdef HAVE_INTTYPES_H
| # include <inttypes.h>
| #endif
| #ifdef HAVE_STDINT_H
| # include <stdint.h>
| #endif
| #ifdef HAVE_STRINGS_H
| # include <strings.h>
| #endif
| #ifdef HAVE_SYS_TYPES_H
| # include <sys/types.h>
| #endif
| #ifdef HAVE_SYS_STAT_H
| # include <sys/stat.h>
| #endif
| #ifdef HAVE_UNISTD_H
| # include <unistd.h>
| #endif
| int
| main (void)
| {
| if (sizeof ((ptrdiff_t)))
| 	    return 0;
|   ;
|   return 0;
| }
configure:13351: result: yes
configure:13362: checking for malloc
configure:13362: gcc -o conftest -g -O2   -L/usr/local/lib conftest.c -lm  >&5
conftest.c:57:6: warning: conflicting types for built-in function 'malloc'; expected 'void *(long unsigned int)' [-Wbuiltin-declaration-mismatch]
   57 | char malloc ();
      |      ^~~~~~
conftest.c:49:1: note: 'malloc' is declared in header '<stdlib.h>'
   48 | #include <limits.h>
   49 | #undef malloc
configure:13362: $? = 0
configure:13362: result: yes
configure:13368: checking for realloc
configure:13368: gcc -o conftest -g -O2   -L/usr/local/lib conftest.c -lm  >&5
conftest.c:58:6: warning: conflicting types for built-in function 'realloc'; expected 'void *(void *, long unsigned int)' [-Wbuiltin-declaration-mismatch]
   58 | char realloc ();
      |      ^~~~~~~
conftest.c:50:1: note: 'realloc' is declared in header '<stdlib.h>'
   49 | #include <limits.h>
   50 | #undef realloc
configure:13368: $? = 0
configure:13368: result: yes
configure:13374: checking for drand48
configure:13374: gcc -o conftest -g -O2   -L/usr/local/lib conftest.c -lm  >&5
configure:13374: $? = 0
configure:13374: result: yes
configure:13380: checking for getcwd
configure:13380: gcc -o conftest -g -O2   -L/usr/local/lib conftest.c -lm  >&5
configure:13380: $? = 0
configure:13380: result: yes
configure:13386: checking for gettimeofday
configure:13386: gcc -o conftest -g -O2   -L/usr/local/lib conftest.c -lm  >&5
configure:13386: $? = 0
configure:13386: result: yes
configure:13392: checking for memmove
configure:13392: gcc -o conftest -g -O2   -L/usr/local/lib conftest.c -lm  >&5
conftest.c:62:6: warning: conflicting types for built-in function 'memmove'; expected 'void *(void *, const void *, long unsigned int)' [-Wbuiltin-declaration-mismatch]
   62 | char memmove ();
      |      ^~~~~~~
conftest.c:54:1: note: 'memmove' is declared in header '<string.h>'
   53 | #include <limits.h>
   54 | #undef memmove
configure:13392: $? = 0
configure:13392: result: yes
configure:13398: checking for memset
configure:13398: gcc -o conftest -g -O2   -L/usr/local/lib conftest.c -lm  >&5
conftest.c:63:6: warning: conflicting types for built-in function 'memset'; expected 'void *(void *, int,  long unsigned int)' [-Wbuiltin-declaration-mismatch]
   63 | char memset ();
      |      ^~~~~~
conftest.c:55:1: note: 'memset' is declared in header '<string.h>'
   54 | #include <limits.h>
   55 | #undef memset
configure:13398: $? = 0
configure:13398: result: yes
configure:13404: checking for regcomp
configure:13404: gcc -o conftest -g -O2   -L/usr/local/lib conftest.c -lm  >&5
configure:13404: $? = 0
configure:13404: result: yes
configure:13410: checking for setlocale
configure:13410: gcc -o conftest -g -O2   -L/usr/local/lib conftest.c -lm  >&5
configure:13410: $? = 0
configure:13410: result: yes
configure:13416: checking for sqrt
configure:13416: gcc -o conftest -g -O2   -L/usr/local/lib conftest.c -lm  >&5
conftest.c:66:6: warning: conflicting types for built-in function 'sqrt'; expected 'double(double)' [-Wbuiltin-declaration-mismatch]
   66 | char sqrt ();
      |      ^~~~
conftest.c:58:1: note: 'sqrt' is declared in header '<math.h>'
   57 | #include <limits.h>
   58 | #undef sqrt
configure:13416: $? = 0
configure:13416: result: yes
configure:13422: checking for strdup
configure:13422: gcc -o conftest -g -O2   -L/usr/local/lib conftest.c -lm  >&5
conftest.c:67:6: warning: conflicting types for built-in function 'strdup'; expected 'char *(const char *)' [-Wbuiltin-declaration-mismatch]
   67 | char strdup ();
      |      ^~~~~~
configure:13422: $? = 0
configure:13422: result: yes
configure:13428: checking for strndup
configure:13428: gcc -o conftest -g -O2   -L/usr/local/lib conftest.c -lm  >&5
conftest.c:68:6: warning: conflicting types for built-in function 'strndup'; expected 'char *(const char *, long unsigned int)' [-Wbuiltin-declaration-mismatch]
   68 | char strndup ();
      |      ^~~~~~~
configure:13428: $? = 0
configure:13428: result: yes
configure:13470: checking for shuf
configure:13491: found /usr/bin/shuf
configure:13502: result: yes
configure:13512: checking for gshuf
configure:13547: result: no
configure:13584: checking for cblas.h
configure:13584: gcc -c -mfpmath=sse -msse2 -DUSE_SSE -g -O2  conftest.c >&5
conftest.c:82:10: fatal error: cblas.h: No such file or directory
   82 | #include <cblas.h>
      |          ^~~~~~~~~
compilation terminated.
configure:13584: $? = 1
configure: failed program was:
| /* confdefs.h */
| #define PACKAGE_NAME "libpostal"
| #define PACKAGE_TARNAME "libpostal"
| #define PACKAGE_VERSION "1.1.0"
| #define PACKAGE_STRING "libpostal 1.1.0"
| #define PACKAGE_BUGREPORT ""
| #define PACKAGE_URL ""
| #define PACKAGE "libpostal"
| #define VERSION "1.1.0"
| #define HAVE_STDIO_H 1
| #define HAVE_STDLIB_H 1
| #define HAVE_STRING_H 1
| #define HAVE_INTTYPES_H 1
| #define HAVE_STDINT_H 1
| #define HAVE_STRINGS_H 1
| #define HAVE_SYS_STAT_H 1
| #define HAVE_SYS_TYPES_H 1
| #define HAVE_UNISTD_H 1
| #define HAVE_SYS_TIME_H 1
| #define STDC_HEADERS 1
| #define HAVE_DLFCN_H 1
| #define LT_OBJDIR ".libs/"
| #define TIME_WITH_SYS_TIME 1
| #define HAVE_DIRENT_H 1
| #define HAVE__BOOL 1
| #define HAVE_STDBOOL_H 1
| #define HAVE_FCNTL_H 1
| #define HAVE_FLOAT_H 1
| #define HAVE_INTTYPES_H 1
| #define HAVE_LIMITS_H 1
| #define HAVE_LOCALE_H 1
| #define HAVE_MALLOC_H 1
| #define HAVE_MEMORY_H 1
| #define HAVE_STDDEF_H 1
| #define HAVE_STDINT_H 1
| #define HAVE_STDLIB_H 1
| #define HAVE_STRING_H 1
| #define HAVE_UNISTD_H 1
| #define HAVE_PTRDIFF_T 1
| #define HAVE_MALLOC 1
| #define HAVE_REALLOC 1
| #define HAVE_DRAND48 1
| #define HAVE_GETCWD 1
| #define HAVE_GETTIMEOFDAY 1
| #define HAVE_MEMMOVE 1
| #define HAVE_MEMSET 1
| #define HAVE_REGCOMP 1
| #define HAVE_SETLOCALE 1
| #define HAVE_SQRT 1
| #define HAVE_STRDUP 1
| #define HAVE_STRNDUP 1
| #define HAVE_SHUF 1
| /* end confdefs.h.  */
| #include <stddef.h>
| #ifdef HAVE_STDIO_H
| # include <stdio.h>
| #endif
| #ifdef HAVE_STDLIB_H
| # include <stdlib.h>
| #endif
| #ifdef HAVE_STRING_H
| # include <string.h>
| #endif
| #ifdef HAVE_INTTYPES_H
| # include <inttypes.h>
| #endif
| #ifdef HAVE_STDINT_H
| # include <stdint.h>
| #endif
| #ifdef HAVE_STRINGS_H
| # include <strings.h>
| #endif
| #ifdef HAVE_SYS_TYPES_H
| # include <sys/types.h>
| #endif
| #ifdef HAVE_SYS_STAT_H
| # include <sys/stat.h>
| #endif
| #ifdef HAVE_UNISTD_H
| # include <unistd.h>
| #endif
| #include <cblas.h>
configure:13584: result: no
configure:14300: extra cflags for scanner.c: 
configure:14407: checking that generated files are newer than configure
configure:14413: result: done
configure:14440: creating ./config.status

## ---------------------- ##
## Running config.status. ##
## ---------------------- ##

This file was extended by libpostal config.status 1.1.0, which was
generated by GNU Autoconf 2.71.  Invocation command line was

  CONFIG_FILES    = 
  CONFIG_HEADERS  = 
  CONFIG_LINKS    = 
  CONFIG_COMMANDS = 
  $ ./config.status 

on ndivyesh

config.status:1130: creating Makefile
config.status:1130: creating libpostal.pc
config.status:1130: creating src/Makefile
config.status:1130: creating src/libpostal_data
config.status:1130: creating test/Makefile
config.status:1130: creating config.h
config.status:1311: config.h is unchanged
config.status:1359: executing depfiles commands
config.status:1436: cd src       && sed -e '/# am--include-marker/d' Makefile         | make -f - am--depfiles
make: Nothing to be done for 'am--depfiles'.
config.status:1441: $? = 0
config.status:1436: cd test       && sed -e '/# am--include-marker/d' Makefile         | make -f - am--depfiles
make: Nothing to be done for 'am--depfiles'.
config.status:1441: $? = 0
config.status:1359: executing libtool commands

## ---------------- ##
## Cache variables. ##
## ---------------- ##

ac_cv_build=x86_64-pc-linux-gnu
ac_cv_c_compiler_gnu=yes
ac_cv_c_inline=inline
ac_cv_c_int16_t=yes
ac_cv_c_int32_t=yes
ac_cv_c_int64_t=yes
ac_cv_c_int8_t=yes
ac_cv_c_uint16_t=yes
ac_cv_c_uint32_t=yes
ac_cv_c_uint64_t=yes
ac_cv_c_uint8_t=yes
ac_cv_env_CC_set=
ac_cv_env_CC_value=
ac_cv_env_CFLAGS_set=
ac_cv_env_CFLAGS_value=
ac_cv_env_CPPFLAGS_set=
ac_cv_env_CPPFLAGS_value=
ac_cv_env_LDFLAGS_set=
ac_cv_env_LDFLAGS_value=
ac_cv_env_LIBS_set=
ac_cv_env_LIBS_value=
ac_cv_env_LT_SYS_LIBRARY_PATH_set=
ac_cv_env_LT_SYS_LIBRARY_PATH_value=
ac_cv_env_MODEL_set=
ac_cv_env_MODEL_value=
ac_cv_env_build_alias_set=
ac_cv_env_build_alias_value=
ac_cv_env_host_alias_set=
ac_cv_env_host_alias_value=
ac_cv_env_target_alias_set=
ac_cv_env_target_alias_value=
ac_cv_func_drand48=yes
ac_cv_func_getcwd=yes
ac_cv_func_gettimeofday=yes
ac_cv_func_malloc=yes
ac_cv_func_memmove=yes
ac_cv_func_memset=yes
ac_cv_func_realloc=yes
ac_cv_func_regcomp=yes
ac_cv_func_setlocale=yes
ac_cv_func_sqrt=yes
ac_cv_func_strdup=yes
ac_cv_func_strndup=yes
ac_cv_header_cblas_h=no
ac_cv_header_dirent_dirent_h=yes
ac_cv_header_dlfcn_h=yes
ac_cv_header_fcntl_h=yes
ac_cv_header_float_h=yes
ac_cv_header_inttypes_h=yes
ac_cv_header_limits_h=yes
ac_cv_header_locale_h=yes
ac_cv_header_malloc_h=yes
ac_cv_header_memory_h=yes
ac_cv_header_stdbool_h=yes
ac_cv_header_stddef_h=yes
ac_cv_header_stdint_h=yes
ac_cv_header_stdio_h=yes
ac_cv_header_stdlib_h=yes
ac_cv_header_string_h=yes
ac_cv_header_strings_h=yes
ac_cv_header_sys_stat_h=yes
ac_cv_header_sys_time_h=yes
ac_cv_header_sys_types_h=yes
ac_cv_header_unistd_h=yes
ac_cv_host=x86_64-pc-linux-gnu
ac_cv_objext=o
ac_cv_path_EGREP='/usr/bin/grep -E'
ac_cv_path_FGREP='/usr/bin/grep -F'
ac_cv_path_GREP=/usr/bin/grep
ac_cv_path_SED=/usr/bin/sed
ac_cv_path_install='/usr/bin/install -c'
ac_cv_path_lt_DD=/usr/bin/dd
ac_cv_path_mkdir=/usr/bin/mkdir
ac_cv_prog_AWK=gawk
ac_cv_prog_FOUND_SHUF=yes
ac_cv_prog_ac_ct_AR=ar
ac_cv_prog_ac_ct_CC=gcc
ac_cv_prog_ac_ct_MANIFEST_TOOL=mt
ac_cv_prog_ac_ct_OBJDUMP=objdump
ac_cv_prog_ac_ct_RANLIB=ranlib
ac_cv_prog_ac_ct_STRIP=strip
ac_cv_prog_cc_c11=
ac_cv_prog_cc_g=yes
ac_cv_prog_cc_stdc=
ac_cv_prog_make_make_set=yes
ac_cv_search_log=-lm
ac_cv_search_opendir='none required'
ac_cv_type__Bool=yes
ac_cv_type_off_t=yes
ac_cv_type_ptrdiff_t=yes
ac_cv_type_size_t=yes
ac_cv_type_ssize_t=yes
am_cv_CC_dependencies_compiler_type=gcc3
am_cv_make_support_nested_variables=yes
am_cv_prog_cc_c_o=yes
lt_cv_ar_at_file=@
lt_cv_archive_cmds_need_lc=no
lt_cv_deplibs_check_method=pass_all
lt_cv_file_magic_cmd='$MAGIC_CMD'
lt_cv_file_magic_test_file=
lt_cv_ld_reload_flag=-r
lt_cv_nm_interface='BSD nm'
lt_cv_objdir=.libs
lt_cv_path_LD=/usr/bin/ld
lt_cv_path_NM='/usr/bin/nm -B'
lt_cv_path_mainfest_tool=no
lt_cv_prog_compiler_c_o=yes
lt_cv_prog_compiler_pic='-fPIC -DPIC'
lt_cv_prog_compiler_pic_works=yes
lt_cv_prog_compiler_rtti_exceptions=no
lt_cv_prog_compiler_static_works=yes
lt_cv_prog_gnu_ld=yes
lt_cv_sharedlib_from_linklib_cmd='printf %s\n'
lt_cv_shlibpath_overrides_runpath=yes
lt_cv_sys_global_symbol_pipe='sed -n -e '\''s/^.*[	 ]\([ABCDGIRSTW][ABCDGIRSTW]*\)[	 ][	 ]*\([_A-Za-z][_A-Za-z0-9]*\)$/\1 \2 \2/p'\'' | sed '\''/ __gnu_lto/d'\'''
lt_cv_sys_global_symbol_to_c_name_address='sed -n -e '\''s/^: \(.*\) .*$/  {"\1", (void *) 0},/p'\'' -e '\''s/^[ABCDGIRSTW][ABCDGIRSTW]* .* \(.*\)$/  {"\1", (void *) \&\1},/p'\'''
lt_cv_sys_global_symbol_to_c_name_address_lib_prefix='sed -n -e '\''s/^: \(.*\) .*$/  {"\1", (void *) 0},/p'\'' -e '\''s/^[ABCDGIRSTW][ABCDGIRSTW]* .* \(lib.*\)$/  {"\1", (void *) \&\1},/p'\'' -e '\''s/^[ABCDGIRSTW][ABCDGIRSTW]* .* \(.*\)$/  {"lib\1", (void *) \&\1},/p'\'''
lt_cv_sys_global_symbol_to_cdecl='sed -n -e '\''s/^T .* \(.*\)$/extern int \1();/p'\'' -e '\''s/^[ABCDGIRSTW][ABCDGIRSTW]* .* \(.*\)$/extern char \1;/p'\'''
lt_cv_sys_global_symbol_to_import=
lt_cv_sys_max_cmd_len=1572864
lt_cv_to_host_file_cmd=func_convert_file_noop
lt_cv_to_tool_file_cmd=func_convert_file_noop
lt_cv_truncate_bin='/usr/bin/dd bs=4096 count=1'

## ----------------- ##
## Output variables. ##
## ----------------- ##

ACLOCAL='${SHELL} '\''/mnt/f/PROJECTS/libpostal/missing'\'' aclocal-1.16'
AMDEPBACKSLASH='\'
AMDEP_FALSE='#'
AMDEP_TRUE=''
AMTAR='$${TAR-tar}'
AM_BACKSLASH='\'
AM_DEFAULT_V='$(AM_DEFAULT_VERBOSITY)'
AM_DEFAULT_VERBOSITY='1'
AM_V='$(V)'
AR='ar'
AUTOCONF='${SHELL} '\''/mnt/f/PROJECTS/libpostal/missing'\'' autoconf'
AUTOHEADER='${SHELL} '\''/mnt/f/PROJECTS/libpostal/missing'\'' autoheader'
AUTOMAKE='${SHELL} '\''/mnt/f/PROJECTS/libpostal/missing'\'' automake-1.16'
AWK='gawk'
CBLAS_LIBS=''
CC='gcc'
CCDEPMODE='depmode=gcc3'
CFLAGS='-mfpmath=sse -msse2 -DUSE_SSE -g -O2'
CFLAGS_SCANNER_EXTRA=''
CPPFLAGS=''
CSCOPE='cscope'
CTAGS='ctags'
CYGPATH_W='echo'
DEFS='-DHAVE_CONFIG_H'
DEPDIR='.deps'
DLLTOOL='false'
DOWNLOAD_DATA_FALSE='#'
DOWNLOAD_DATA_TRUE=''
DSYMUTIL=''
DUMPBIN=''
ECHO_C=''
ECHO_N='-n'
ECHO_T=''
EGREP='/usr/bin/grep -E'
ETAGS='etags'
EXEEXT=''
FGREP='/usr/bin/grep -F'
FOUND_GSHUF=''
FOUND_SHUF='yes'
GREP='/usr/bin/grep'
INSTALL_DATA='${INSTALL} -m 644'
INSTALL_PROGRAM='${INSTALL}'
INSTALL_SCRIPT='${INSTALL}'
INSTALL_STRIP_PROGRAM='$(install_sh) -c -s'
LD='/usr/bin/ld -m elf_x86_64'
LDFLAGS=' -L/usr/local/lib'
LIBOBJS=''
LIBPOSTAL_DATA_DIR_VERSION_STRING='v1'
LIBPOSTAL_DATA_FILE_LATEST_VERSION='v1.0.0'
LIBPOSTAL_LANG_CLASS_MODEL_LATEST_VERSION='v1.0.0'
LIBPOSTAL_PARSER_MODEL_LATEST_VERSION='v1.0.0'
LIBPOSTAL_SENZING_DATA_DIR_VERSION_STRING='v1'
LIBPOSTAL_SENZING_DATA_FILE_LATEST_VERSION='v1.0.0'
LIBPOSTAL_SENZING_LANG_CLASS_MODEL_LATEST_VERSION='v1.0.0'
LIBPOSTAL_SENZING_PARSER_MODEL_LATEST_VERSION='v1.0.0'
LIBPOSTAL_SO_VERSION='1:1:0'
LIBS='-lm '
LIBTOOL='$(SHELL) $(top_builddir)/libtool'
LIPO=''
LN_S='ln -s'
LTLIBOBJS=''
LT_SYS_LIBRARY_PATH=''
MAKEINFO='${SHELL} '\''/mnt/f/PROJECTS/libpostal/missing'\'' makeinfo'
MANIFEST_TOOL=':'
MKDIR_P='/usr/bin/mkdir -p'
MODEL=''
NM='/usr/bin/nm -B'
NMEDIT=''
OBJDUMP='objdump'
OBJEXT='o'
OTOOL64=''
OTOOL=''
PACKAGE='libpostal'
PACKAGE_BUGREPORT=''
PACKAGE_NAME='libpostal'
PACKAGE_STRING='libpostal 1.1.0'
PACKAGE_TARNAME='libpostal'
PACKAGE_URL=''
PACKAGE_VERSION='1.1.0'
PATH_SEPARATOR=':'
RANLIB='ranlib'
SED='/usr/bin/sed'
SET_MAKE=''
SHELL='/bin/bash'
STRIP='strip'
VERSION='1.1.0'
ac_ct_AR='ar'
ac_ct_CC='gcc'
ac_ct_DUMPBIN=''
am__EXEEXT_FALSE=''
am__EXEEXT_TRUE='#'
am__fastdepCC_FALSE='#'
am__fastdepCC_TRUE=''
am__include='include'
am__isrc=''
am__leading_dot='.'
am__nodep='_no'
am__quote=''
am__tar='$${TAR-tar} chof - "$$tardir"'
am__untar='$${TAR-tar} xf -'
bindir='${exec_prefix}/bin'
build='x86_64-pc-linux-gnu'
build_alias=''
build_cpu='x86_64'
build_os='linux-gnu'
build_vendor='pc'
datadir='${datarootdir}'
datarootdir='${prefix}/share'
docdir='${datarootdir}/doc/${PACKAGE_TARNAME}'
dvidir='${docdir}'
exec_prefix='${prefix}'
host='x86_64-pc-linux-gnu'
host_alias=''
host_cpu='x86_64'
host_os='linux-gnu'
host_vendor='pc'
htmldir='${docdir}'
includedir='${prefix}/include'
infodir='${datarootdir}/info'
install_sh='${SHELL} /mnt/f/PROJECTS/libpostal/install-sh'
libdir='${exec_prefix}/lib'
libexecdir='${exec_prefix}/libexec'
localedir='${datarootdir}/locale'
localstatedir='${prefix}/var'
mandir='${datarootdir}/man'
mkdir_p='$(MKDIR_P)'
oldincludedir='/usr/include'
pdfdir='${docdir}'
prefix='/usr/local'
program_transform_name='s,x,x,'
psdir='${docdir}'
runstatedir='${localstatedir}/run'
sbindir='${exec_prefix}/sbin'
sharedstatedir='${prefix}/com'
sysconfdir='${prefix}/etc'
target_alias=''

## ----------- ##
## confdefs.h. ##
## ----------- ##

/* confdefs.h */
#define PACKAGE_NAME "libpostal"
#define PACKAGE_TARNAME "libpostal"
#define PACKAGE_VERSION "1.1.0"
#define PACKAGE_STRING "libpostal 1.1.0"
#define PACKAGE_BUGREPORT ""
#define PACKAGE_URL ""
#define PACKAGE "libpostal"
#define VERSION "1.1.0"
#define HAVE_STDIO_H 1
#define HAVE_STDLIB_H 1
#define HAVE_STRING_H 1
#define HAVE_INTTYPES_H 1
#define HAVE_STDINT_H 1
#define HAVE_STRINGS_H 1
#define HAVE_SYS_STAT_H 1
#define HAVE_SYS_TYPES_H 1
#define HAVE_UNISTD_H 1
#define HAVE_SYS_TIME_H 1
#define STDC_HEADERS 1
#define HAVE_DLFCN_H 1
#define LT_OBJDIR ".libs/"
#define TIME_WITH_SYS_TIME 1
#define HAVE_DIRENT_H 1
#define HAVE__BOOL 1
#define HAVE_STDBOOL_H 1
#define HAVE_FCNTL_H 1
#define HAVE_FLOAT_H 1
#define HAVE_INTTYPES_H 1
#define HAVE_LIMITS_H 1
#define HAVE_LOCALE_H 1
#define HAVE_MALLOC_H 1
#define HAVE_MEMORY_H 1
#define HAVE_STDDEF_H 1
#define HAVE_STDINT_H 1
#define HAVE_STDLIB_H 1
#define HAVE_STRING_H 1
#define HAVE_UNISTD_H 1
#define HAVE_PTRDIFF_T 1
#define HAVE_MALLOC 1
#define HAVE_REALLOC 1
#define HAVE_DRAND48 1
#define HAVE_GETCWD 1
#define HAVE_GETTIMEOFDAY 1
#define HAVE_MEMMOVE 1
#define HAVE_MEMSET 1
#define HAVE_REGCOMP 1
#define HAVE_SETLOCALE 1
#define HAVE_SQRT 1
#define HAVE_STRDUP 1
#define HAVE_STRNDUP 1
#define HAVE_SHUF 1

configure: exit 0
